-------------------------------------------------------------------------------
Test set: com.priam.backup.TestSnapshotBackupJob
-------------------------------------------------------------------------------
Tests run: 2, Failures: 0, Errors: 2, Skipped: 0, Time elapsed: 3.028 sec <<< FAILURE!
testSnapshotList(com.priam.backup.TestSnapshotBackupJob)  Time elapsed: 3.015 sec  <<< ERROR!
com.google.inject.ConfigurationException: Guice configuration errors:

1) No implementation for com.priam.backup.AbstractBackupPath was bound.
  while locating com.google.inject.Provider<com.priam.backup.AbstractBackupPath>
    for parameter 0 at com.priam.backup.MetaData.<init>(MetaData.java:32)
  while locating com.priam.backup.MetaData
    for parameter 1 at com.priam.backup.SnapshotBackup.<init>(SnapshotBackup.java:29)
  while locating com.priam.backup.SnapshotBackup

2) No implementation for com.priam.backup.IBackupFileSystem was bound.
  while locating com.priam.backup.IBackupFileSystem
    for parameter 1 at com.priam.backup.MetaData.<init>(MetaData.java:32)
  while locating com.priam.backup.MetaData
    for parameter 1 at com.priam.backup.SnapshotBackup.<init>(SnapshotBackup.java:29)
  while locating com.priam.backup.SnapshotBackup

2 errors
	at com.google.inject.internal.InjectorImpl.getProvider(InjectorImpl.java:1004)
	at com.google.inject.internal.InjectorImpl.getProvider(InjectorImpl.java:961)
	at com.google.inject.internal.InjectorImpl.getInstance(InjectorImpl.java:1013)
	at com.priam.backup.TestSnapshotBackupJob.testSnapshotList(TestSnapshotBackupJob.java:34)
	at sun.reflect.NativeMethodAccessorImpl.invoke0(Native Method)
	at sun.reflect.NativeMethodAccessorImpl.invoke(NativeMethodAccessorImpl.java:39)
	at sun.reflect.DelegatingMethodAccessorImpl.invoke(DelegatingMethodAccessorImpl.java:25)
	at java.lang.reflect.Method.invoke(Method.java:597)
	at org.junit.internal.runners.TestMethod.invoke(TestMethod.java:59)
	at org.junit.internal.runners.MethodRoadie.runTestMethod(MethodRoadie.java:98)
	at org.junit.internal.runners.MethodRoadie$2.run(MethodRoadie.java:79)
	at org.junit.internal.runners.MethodRoadie.runBeforesThenTestThenAfters(MethodRoadie.java:87)
	at org.junit.internal.runners.MethodRoadie.runTest(MethodRoadie.java:77)
	at org.junit.internal.runners.MethodRoadie.run(MethodRoadie.java:42)
	at org.junit.internal.runners.JUnit4ClassRunner.invokeTestMethod(JUnit4ClassRunner.java:88)
	at org.junit.internal.runners.JUnit4ClassRunner.runMethods(JUnit4ClassRunner.java:51)
	at org.junit.internal.runners.JUnit4ClassRunner$1.run(JUnit4ClassRunner.java:44)
	at org.junit.internal.runners.ClassRoadie.runUnprotected(ClassRoadie.java:27)
	at org.junit.internal.runners.ClassRoadie.runProtected(ClassRoadie.java:37)
	at org.junit.internal.runners.JUnit4ClassRunner.run(JUnit4ClassRunner.java:42)
	at org.apache.maven.surefire.junit4.JUnit4TestSet.execute(JUnit4TestSet.java:35)
	at org.apache.maven.surefire.junit4.JUnit4Provider.executeTestSet(JUnit4Provider.java:146)
	at org.apache.maven.surefire.junit4.JUnit4Provider.invoke(JUnit4Provider.java:97)
	at sun.reflect.NativeMethodAccessorImpl.invoke0(Native Method)
	at sun.reflect.NativeMethodAccessorImpl.invoke(NativeMethodAccessorImpl.java:39)
	at sun.reflect.DelegatingMethodAccessorImpl.invoke(DelegatingMethodAccessorImpl.java:25)
	at java.lang.reflect.Method.invoke(Method.java:597)
	at org.apache.maven.surefire.booter.ProviderFactory$ClassLoaderProxy.invoke(ProviderFactory.java:103)
	at $Proxy0.invoke(Unknown Source)
	at org.apache.maven.surefire.booter.SurefireStarter.invokeProvider(SurefireStarter.java:145)
	at org.apache.maven.surefire.booter.SurefireStarter.runSuitesInProcess(SurefireStarter.java:87)
	at org.apache.maven.surefire.booter.ForkedBooter.main(ForkedBooter.java:69)

testSnapshotBackupJob(com.priam.backup.TestSnapshotBackupJob)  Time elapsed: 0.003 sec  <<< ERROR!
com.google.inject.ConfigurationException: Guice configuration errors:

1) No implementation for com.priam.backup.AbstractBackupPath was bound.
  while locating com.google.inject.Provider<com.priam.backup.AbstractBackupPath>
    for parameter 0 at com.priam.backup.MetaData.<init>(MetaData.java:32)
  while locating com.priam.backup.MetaData
    for parameter 1 at com.priam.backup.SnapshotBackup.<init>(SnapshotBackup.java:29)
  while locating com.priam.backup.SnapshotBackup

2) No implementation for com.priam.backup.IBackupFileSystem was bound.
  while locating com.priam.backup.IBackupFileSystem
    for parameter 1 at com.priam.backup.MetaData.<init>(MetaData.java:32)
  while locating com.priam.backup.MetaData
    for parameter 1 at com.priam.backup.SnapshotBackup.<init>(SnapshotBackup.java:29)
  while locating com.priam.backup.SnapshotBackup

2 errors
	at com.google.inject.internal.InjectorImpl.getProvider(InjectorImpl.java:1004)
	at com.google.inject.internal.InjectorImpl.getProvider(InjectorImpl.java:961)
	at com.google.inject.internal.InjectorImpl.getInstance(InjectorImpl.java:1013)
	at com.priam.backup.TestSnapshotBackupJob.testSnapshotBackupJob(TestSnapshotBackupJob.java:47)
	at sun.reflect.NativeMethodAccessorImpl.invoke0(Native Method)
	at sun.reflect.NativeMethodAccessorImpl.invoke(NativeMethodAccessorImpl.java:39)
	at sun.reflect.DelegatingMethodAccessorImpl.invoke(DelegatingMethodAccessorImpl.java:25)
	at java.lang.reflect.Method.invoke(Method.java:597)
	at org.junit.internal.runners.TestMethod.invoke(TestMethod.java:59)
	at org.junit.internal.runners.MethodRoadie.runTestMethod(MethodRoadie.java:98)
	at org.junit.internal.runners.MethodRoadie$2.run(MethodRoadie.java:79)
	at org.junit.internal.runners.MethodRoadie.runBeforesThenTestThenAfters(MethodRoadie.java:87)
	at org.junit.internal.runners.MethodRoadie.runTest(MethodRoadie.java:77)
	at org.junit.internal.runners.MethodRoadie.run(MethodRoadie.java:42)
	at org.junit.internal.runners.JUnit4ClassRunner.invokeTestMethod(JUnit4ClassRunner.java:88)
	at org.junit.internal.runners.JUnit4ClassRunner.runMethods(JUnit4ClassRunner.java:51)
	at org.junit.internal.runners.JUnit4ClassRunner$1.run(JUnit4ClassRunner.java:44)
	at org.junit.internal.runners.ClassRoadie.runUnprotected(ClassRoadie.java:27)
	at org.junit.internal.runners.ClassRoadie.runProtected(ClassRoadie.java:37)
	at org.junit.internal.runners.JUnit4ClassRunner.run(JUnit4ClassRunner.java:42)
	at org.apache.maven.surefire.junit4.JUnit4TestSet.execute(JUnit4TestSet.java:35)
	at org.apache.maven.surefire.junit4.JUnit4Provider.executeTestSet(JUnit4Provider.java:146)
	at org.apache.maven.surefire.junit4.JUnit4Provider.invoke(JUnit4Provider.java:97)
	at sun.reflect.NativeMethodAccessorImpl.invoke0(Native Method)
	at sun.reflect.NativeMethodAccessorImpl.invoke(NativeMethodAccessorImpl.java:39)
	at sun.reflect.DelegatingMethodAccessorImpl.invoke(DelegatingMethodAccessorImpl.java:25)
	at java.lang.reflect.Method.invoke(Method.java:597)
	at org.apache.maven.surefire.booter.ProviderFactory$ClassLoaderProxy.invoke(ProviderFactory.java:103)
	at $Proxy0.invoke(Unknown Source)
	at org.apache.maven.surefire.booter.SurefireStarter.invokeProvider(SurefireStarter.java:145)
	at org.apache.maven.surefire.booter.SurefireStarter.runSuitesInProcess(SurefireStarter.java:87)
	at org.apache.maven.surefire.booter.ForkedBooter.main(ForkedBooter.java:69)

