<?xml version="1.0" encoding="UTF-8" ?>
<testsuite failures="0" time="57.106" errors="0" skipped="0" tests="6" name="com.priam.backup.TestCompression">
  <properties>
[...]
</properties>
  <testcase time="10.114" classname="com.priam.backup.TestCompression" name="zip"/>
  <testcase time="7.425" classname="com.priam.backup.TestCompression" name="compress"/>
  <testcase time="10.711" classname="com.priam.backup.TestCompression" name="unzip"/>
  <testcase time="7.536" classname="com.priam.backup.TestCompression" name="snappyCompress"/>
  <testcase time="10.716" classname="com.priam.backup.TestCompression" name="snappyDecompress"/>
  <testcase time="10.596" classname="com.priam.backup.TestCompression" name="decompress"/>
</testsuite>